IQ-TREE multicore version 1.6.12 for Linux 64-bit built Aug 15 2019
Developed by Bui Quang Minh, Nguyen Lam Tung, Olga Chernomor,
Heiko Schmidt, Dominik Schrempf, Michael Woodhams.

Host:    gl3093.arc-ts.umich.edu (AVX512, FMA3, 187 GB RAM)
Command: iqtree -s data/process/trees/mitovirus/fasta/mito_rdrp_aligned_nogaps.fasta -pre mito_tree -st AA -m MFP -bb 1000 -nt 12
Seed:    292596 (Using SPRNG - Scalable Parallel Random Number Generator)
Time:    Fri Dec  6 10:37:05 2019
Kernel:  AVX+FMA - 12 threads (36 CPU cores detected)

Reading alignment file data/process/trees/mitovirus/fasta/mito_rdrp_aligned_nogaps.fasta ... Fasta format detected
Alignment most likely contains protein sequences
Alignment has 44 sequences with 533 columns, 530 distinct patterns
518 parsimony-informative, 7 singleton sites, 8 constant sites
                                                             Gap/Ambiguity  Composition  p-value
   1  KP642119_Narnaviridae_environmental_sample                     9.01%    failed      0.00%
   2  KX883564.1_Wuhan_spider_virus_7                                4.69%    passed     64.11%
   3  KX883541.1_Hubei_narna-like_virus_3                            2.44%    failed      1.30%
   4  KX883515.1_Beihai_narna-like_virus_1                           3.38%    passed     68.35%
   5  KX883578.1_Hubei_narna-like_virus_2                            1.69%    passed     60.06%
   6  KX883512.1_Beihai_narna-like_virus_2                           3.56%    passed     94.46%
   7  KX883465.1_Beihai_narna-like_virus_3                           2.81%    failed      1.79%
   8  KX883615.1_Wenzhou_narna-like_virus_1                          2.06%    passed     50.78%
   9  KX883596.1_Hubei_narna-like_virus_4                            3.38%    failed      0.02%
  10  KX883553.1_Shahe_narna-like_virus_1                            3.00%    passed     12.23%
  11  NC029782_Phytophthora_infestans_RNA_virus_4                    5.25%    passed     71.40%
  12  KF298275_ochlerotatus-associated_narna-like_1                  7.32%    failed      0.00%
  13  LBMM01010399_Lasius_niger                                     15.20%    passed     88.24%
  14  NC006264_Gremmeniella_abietina_mitochondrial_RNA_virus_S2      6.19%    failed      0.00%
  15  KP900925.1_Sclerotinia_sclerotiorum_mitovirus_18               5.44%    failed      0.01%
  16  NC004051_Saccharomyces_20S_s                                   8.63%    failed      2.57%
  17  NC028474_Botrytis_cinerea_mitovirus_4                          5.44%    failed      0.00%
  18  NC028471_Botrytis_cinerea_mitovirus_2                          6.94%    failed      0.00%
  19  U90136_Saccharomyces_23Ss                                     10.51%    failed      0.56%
  20  LN827948_Grapevine_associated_narnavirus-1                     8.07%    failed      0.14%
  21  KP900911_Rhizoctonia_solani_mitovirus_2                       12.57%    failed      1.73%
  22  NC015629_Tuber_aestivum_mitovirus                             11.63%    passed     52.91%
  23  KJ462508_Sclerotinia_sclerotiorum_mitovirus_2                  7.50%    passed     49.56%
  24  KJ873059_Heterobasidion_mitovirus_1                            7.50%    failed      0.90%
  25  EU770623_Ourmia_melon_virus                                    8.26%    passed     42.84%
  26  FJ157981_Cassava_virus_C                                       5.82%    passed     84.03%
  27  EU770620_Epirus_cherry_virus                                   8.82%    passed     16.97%
  28  KT598247_Soybean_leaf-associated_ourmiavirus_2                32.08%    passed     37.75%
  29  KT598235_Soybean_leaf-associated_ourmiavirus_1                20.08%    passed     58.25%
  30  KP900921_Rhizoctonia_solani_ourmia-like_virus_1_RNA_1         16.89%    failed      0.00%
  31  NC028476_Botrytis_ourmia-like_virus                           18.39%    failed      2.30%
  32  KP900929_Sclerotinia_sclerotiorum_ourmia-like_virus_2_RNA_1   19.70%    passed     22.60%
  33  KP900928_Sclerotinia_sclerotiorum_ourmia-like_virus_1_RNA_1   21.76%    passed     80.76%
  34  NC004046_Cryphonectria_parasitica_mitovirus_1                  7.50%    failed      0.04%
  35  X03869_Enterobacteria_phage_GA                                25.33%    passed     41.26%
  36  NC001417_Escherichia_virus_MS2                                23.45%    passed     92.03%
  37  NC001890_Escherichia_virus_Qbeta                              21.39%    passed     99.60%
  38  X07489_Enterobacteria_phage_SP                                20.83%    passed     57.77%
  39  NC004049_Ophiostoma_mitovirus_3a                               9.01%    failed      3.41%
  40  JS1                                                           14.45%    passed     84.82%
  41  JS2                                                           14.45%    passed     89.79%
  42  JS3                                                           14.45%    passed     87.41%
  43  JS4                                                           14.45%    passed     89.79%
  44  JS5                                                           14.45%    passed     87.41%
****  TOTAL                                                         11.04%  18 sequences failed composition chi2 test (p-value<5%; df=19)
NOTE: JS4 is identical to JS2 but kept for subsequent analysis
NOTE: JS5 is identical to JS3 but kept for subsequent analysis


Create initial parsimony tree by phylogenetic likelihood library (PLL)... 0.009 seconds
NOTE: ModelFinder requires 39 MB RAM!
ModelFinder will test 546 protein models (sample size: 533) ...
 No. Model         -LnL         df  AIC          AICc         BIC
  1  Dayhoff       42714.685    85  85599.371    85632.078    85963.045
  2  Dayhoff+I     42486.892    86  85145.784    85179.335    85513.736
  3  Dayhoff+G4    41543.395    86  83258.791    83292.342    83626.744
  4  Dayhoff+I+G4  41507.226    87  83188.453    83222.862    83560.684
  5  Dayhoff+R2    41754.202    87  83682.403    83716.812    84054.635
  6  Dayhoff+R3    41510.275    89  83198.549    83234.712    83579.338
  7  Dayhoff+R4    41453.475    91  83088.949    83126.917    83478.295
  8  Dayhoff+R5    41446.582    93  83079.164    83118.990    83477.066
  9  Dayhoff+R6    41440.827    95  83071.655    83113.394    83478.115
 14  Dayhoff+F     42277.347    104 84762.694    84813.722    85207.660
 15  Dayhoff+F+I   42063.679    105 84337.358    84389.489    84786.603
 16  Dayhoff+F+G4  41132.453    105 82474.905    82527.037    82924.150
 17  Dayhoff+F+I+G4 41099.426    106 82410.851    82464.100    82864.375
 18  Dayhoff+F+R2  41326.851    106 82865.702    82918.951    83319.226
 19  Dayhoff+F+R3  41089.724    108 82395.449    82450.977    82857.529
 20  Dayhoff+F+R4  41041.553    110 82303.106    82360.973    82773.743
 21  Dayhoff+F+R5  41036.311    112 82296.622    82356.888    82775.816
 27  mtMAM         45927.016    85  92024.032    92056.739    92387.706
 28  mtMAM+I       45729.482    86  91630.964    91664.516    91998.917
 29  mtMAM+G4      43798.446    86  87768.892    87802.444    88136.845
 30  mtMAM+I+G4    43786.630    87  87747.261    87781.670    88119.492
 31  mtMAM+R2      44228.841    87  88631.682    88666.091    89003.913
 32  mtMAM+R3      43839.108    89  87856.216    87892.379    88237.004
 33  mtMAM+R4      43764.049    91  87710.097    87748.065    88099.443
 34  mtMAM+R5      43734.714    93  87655.428    87695.254    88053.330
 35  mtMAM+R6      43732.564    95  87655.129    87696.868    88061.588
 40  mtMAM+F       43941.851    104 88091.702    88142.730    88536.669
 41  mtMAM+F+I     43762.121    105 87734.241    87786.372    88183.486
 42  mtMAM+F+G4    42098.532    105 84407.065    84459.196    84856.310
 43  mtMAM+F+I+G4  42085.970    106 84383.941    84437.190    84837.464
 44  mtMAM+F+R2    42444.998    106 85101.996    85155.244    85555.519
 45  mtMAM+F+R3    42157.823    108 84531.647    84587.175    84993.727
 46  mtMAM+F+R4    42074.660    110 84369.320    84427.188    84839.958
 47  mtMAM+F+R5    42052.425    112 84328.849    84389.116    84808.043
 48  mtMAM+F+R6    42049.704    114 84327.409    84390.136    84815.160
 53  JTT           42278.441    85  84726.882    84759.589    85090.556
 54  JTT+I         42073.980    86  84319.959    84353.511    84687.912
 55  JTT+G4        41167.259    86  82506.517    82540.069    82874.470
 56  JTT+I+G4      41131.029    87  82436.058    82470.467    82808.290
 57  JTT+R2        41332.508    87  82839.015    82873.424    83211.247
 58  JTT+R3        41121.735    89  82421.470    82457.632    82802.258
 59  JTT+R4        41082.141    91  82346.282    82384.250    82735.628
 60  JTT+R5        41073.305    93  82332.611    82372.438    82730.513
 61  JTT+R6        41073.202    95  82336.405    82378.144    82742.864
 66  JTT+F         42130.288    104 84468.576    84519.604    84913.542
 67  JTT+F+I       41939.633    105 84089.267    84141.398    84538.512
 68  JTT+F+G4      41034.457    105 82278.913    82331.045    82728.158
 69  JTT+F+I+G4    41002.007    106 82216.014    82269.263    82669.537
 70  JTT+F+R2      41191.947    106 82595.893    82649.142    83049.416
 71  JTT+F+R3      40989.820    108 82195.641    82251.169    82657.721
 72  JTT+F+R4      40951.679    110 82123.359    82181.226    82593.996
 73  JTT+F+R5      40942.372    112 82108.743    82169.010    82587.937
 74  JTT+F+R6      40942.343    114 82112.686    82175.413    82600.437
 79  WAG           41701.954    85  83573.909    83606.616    83937.583
 80  WAG+I         41523.492    86  83218.984    83252.535    83586.937
 81  WAG+G4        40778.344    86  81728.689    81762.240    82096.642
 82  WAG+I+G4      40744.150    87  81662.299    81696.708    82034.531
 83  WAG+R2        40914.424    87  82002.848    82037.257    82375.080
 84  WAG+R3        40714.729    89  81607.459    81643.621    81988.247
 85  WAG+R4        40685.250    91  81552.501    81590.469    81941.846
 86  WAG+R5        40678.409    93  81542.817    81582.644    81940.720
 87  WAG+R6        40678.377    95  81546.754    81588.493    81953.213
 92  WAG+F         41510.360    104 83228.721    83279.749    83673.687
 93  WAG+F+I       41341.166    105 82892.332    82944.463    83341.577
 94  WAG+F+G4      40593.257    105 81396.514    81448.646    81845.759
 95  WAG+F+I+G4    40562.761    106 81337.523    81390.772    81791.046
 96  WAG+F+R2      40722.884    106 81657.767    81711.016    82111.291
 97  WAG+F+R3      40533.064    108 81282.128    81337.656    81744.208
 98  WAG+F+R4      40504.018    110 81228.035    81285.903    81698.673
 99  WAG+F+R5      40497.141    112 81218.282    81278.549    81697.477
100  WAG+F+R6      40497.088    114 81222.177    81284.904    81709.928
105  cpREV         42010.650    85  84191.301    84224.008    84554.975
106  cpREV+I       41817.143    86  83806.286    83839.838    84174.239
107  cpREV+G4      41032.157    86  82236.314    82269.866    82604.267
108  cpREV+I+G4    40995.626    87  82165.251    82199.660    82537.482
109  cpREV+R2      41184.779    87  82543.558    82577.967    82915.790
110  cpREV+R3      40974.955    89  82127.910    82164.072    82508.698
111  cpREV+R4      40937.136    91  82056.271    82094.240    82445.617
112  cpREV+R5      40929.085    93  82044.171    82083.998    82442.073
113  cpREV+R6      40929.043    95  82048.086    82089.825    82454.546
118  cpREV+F       41851.678    104 83911.356    83962.384    84356.322
119  cpREV+F+I     41662.353    105 83534.706    83586.837    83983.950
120  cpREV+F+G4    40874.660    105 81959.320    82011.452    82408.565
121  cpREV+F+I+G4  40840.272    106 81892.543    81945.792    82346.066
122  cpREV+F+R2    41035.487    106 82282.974    82336.223    82736.497
123  cpREV+F+R3    40817.269    108 81850.537    81906.065    82312.617
124  cpREV+F+R4    40781.576    110 81783.152    81841.020    82253.790
125  cpREV+F+R5    40772.884    112 81769.769    81830.035    82248.963
126  cpREV+F+R6    40772.861    114 81773.721    81836.448    82261.472
131  mtREV         44586.945    85  89343.891    89376.598    89707.565
132  mtREV+I       44430.631    86  89033.263    89066.814    89401.216
133  mtREV+G4      42992.977    86  86157.953    86191.505    86525.906
134  mtREV+I+G4    42980.531    87  86135.061    86169.470    86507.293
135  mtREV+R2      43205.839    87  86585.677    86620.086    86957.909
136  mtREV+R3      42974.397    89  86126.794    86162.956    86507.582
137  mtREV+R4      42924.936    91  86031.872    86069.840    86421.217
138  mtREV+R5      42910.480    93  86006.960    86046.786    86404.862
139  mtREV+R6      42910.344    95  86010.687    86052.427    86417.147
144  mtREV+F       42758.703    104 85725.405    85776.434    86170.372
145  mtREV+F+I     42600.654    105 85411.307    85463.439    85860.552
146  mtREV+F+G4    41358.318    105 82926.636    82978.767    83375.881
147  mtREV+F+I+G4  41343.152    106 82898.305    82951.553    83351.828
148  mtREV+F+R2    41600.795    106 83413.591    83466.839    83867.114
149  mtREV+F+R3    41338.177    108 82892.355    82947.883    83354.435
150  mtREV+F+R4    41293.726    110 82807.451    82865.319    83278.089
151  mtREV+F+R5    41278.074    112 82780.147    82840.414    83259.342
152  mtREV+F+R6    41277.904    114 82783.808    82846.535    83271.560
157  rtREV         42011.787    85  84193.573    84226.280    84557.248
158  rtREV+I       41850.621    86  83873.241    83906.793    84241.194
159  rtREV+G4      40926.860    86  82025.721    82059.272    82393.673
160  rtREV+I+G4    40901.846    87  81977.693    82012.102    82349.924
161  rtREV+R2      41083.691    87  82341.382    82375.791    82713.613
162  rtREV+R3      40879.869    89  81937.738    81973.901    82318.527
163  rtREV+R4      40846.227    91  81874.455    81912.423    82263.800
164  rtREV+R5      40834.302    93  81854.603    81894.430    82252.506
165  rtREV+R6      40834.235    95  81858.469    81900.208    82264.929
170  rtREV+F       41582.031    104 83372.061    83423.089    83817.027
171  rtREV+F+I     41422.510    105 83055.019    83107.150    83504.264
172  rtREV+F+G4    40484.451    105 81178.902    81231.033    81628.147
173  rtREV+F+I+G4  40463.024    106 81138.047    81191.296    81591.570
174  rtREV+F+R2    40640.098    106 81492.197    81545.445    81945.720
175  rtREV+F+R3    40440.371    108 81096.743    81152.271    81558.823
176  rtREV+F+R4    40406.297    110 81032.594    81090.461    81503.231
177  rtREV+F+R5    40396.343    112 81016.686    81076.953    81495.880
178  rtREV+F+R6    40396.230    114 81020.460    81083.187    81508.211
183  mtART         45312.639    85  90795.278    90827.985    91158.953
184  mtART+I       45140.860    86  90453.720    90487.272    90821.673
185  mtART+G4      43238.423    86  86648.846    86682.398    87016.799
186  mtART+I+G4    43233.835    87  86641.671    86676.080    87013.902
187  mtART+R2      43597.424    87  87368.848    87403.257    87741.079
188  mtART+R3      43330.435    89  86838.871    86875.033    87219.659
189  mtART+R4      43231.050    91  86644.100    86682.068    87033.445
190  mtART+R5      43182.626    93  86551.252    86591.078    86949.154
191  mtART+R6      43182.142    95  86554.285    86596.024    86960.744
196  mtART+F       43485.903    104 87179.806    87230.834    87624.772
197  mtART+F+I     43311.084    105 86832.169    86884.300    87281.414
198  mtART+F+G4    41581.901    105 83373.801    83425.933    83823.046
199  mtART+F+I+G4  41572.037    106 83356.073    83409.322    83809.597
200  mtART+F+R2    41936.459    106 84084.919    84138.168    84538.442
201  mtART+F+R3    41663.296    108 83542.591    83598.119    84004.671
202  mtART+F+R4    41564.505    110 83349.010    83406.878    83819.648
203  mtART+F+R5    41527.332    112 83278.664    83338.931    83757.858
204  mtART+F+R6    41526.725    114 83281.451    83344.178    83769.202
209  mtZOA         44183.158    85  88536.316    88569.023    88899.991
210  mtZOA+I       44005.819    86  88183.637    88217.189    88551.590
211  mtZOA+G4      42329.288    86  84830.576    84864.128    85198.529
212  mtZOA+I+G4    42317.953    87  84809.906    84844.315    85182.137
213  mtZOA+R2      42562.140    87  85298.281    85332.690    85670.512
214  mtZOA+R3      42358.145    89  84894.289    84930.452    85275.078
215  mtZOA+R4      42285.411    91  84752.822    84790.790    85142.167
216  mtZOA+R5      42259.326    93  84704.652    84744.479    85102.554
217  mtZOA+R6      42259.218    95  84708.435    84750.174    85114.895
222  mtZOA+F       42881.386    104 85970.771    86021.800    86415.738
223  mtZOA+F+I     42690.937    105 85591.873    85644.004    86041.118
224  mtZOA+F+G4    41195.809    105 82601.617    82653.748    83050.862
225  mtZOA+F+I+G4  41175.817    106 82563.634    82616.883    83017.157
226  mtZOA+F+R2    41485.290    106 83182.579    83235.828    83636.102
227  mtZOA+F+R3    41221.789    108 82659.577    82715.106    83121.658
228  mtZOA+F+R4    41157.414    110 82534.829    82592.696    83005.466
229  mtZOA+F+R5    41126.394    112 82476.787    82537.054    82955.982
230  mtZOA+F+R6    41126.215    114 82480.430    82543.157    82968.182
235  VT            41549.719    85  83269.438    83302.145    83633.113
236  VT+I          41376.824    86  82925.647    82959.199    83293.600
237  VT+G4         40695.496    86  81562.991    81596.543    81930.944
238  VT+I+G4       40659.628    87  81493.256    81527.665    81865.487
239  VT+R2         40800.655    87  81775.310    81809.719    82147.541
240  VT+R3         40628.771    89  81435.542    81471.704    81816.330
241  VT+R4         40602.289    91  81386.578    81424.546    81775.924
242  VT+R5         40596.276    93  81378.552    81418.379    81776.455
248  VT+F          41383.648    104 82975.296    83026.324    83420.262
249  VT+F+I        41220.699    105 82651.399    82703.530    83100.644
250  VT+F+G4       40553.172    105 81316.345    81368.476    81765.589
251  VT+F+I+G4     40519.921    106 81251.842    81305.091    81705.366
252  VT+F+R2       40648.456    106 81508.913    81562.162    81962.436
253  VT+F+R3       40485.089    108 81186.179    81241.707    81648.259
254  VT+F+R4       40460.452    110 81140.904    81198.771    81611.541
255  VT+F+R5       40454.630    112 81133.260    81193.526    81612.454
261  LG            41814.907    85  83799.814    83832.521    84163.489
262  LG+I          41632.814    86  83437.627    83471.179    83805.580
263  LG+G4         40646.986    86  81465.971    81499.523    81833.924
264  LG+I+G4       40620.096    87  81414.192    81448.601    81786.423
265  LG+R2         40823.685    87  81821.370    81855.779    82193.601
266  LG+R3         40610.048    89  81398.095    81434.258    81778.884
267  LG+R4         40574.966    91  81331.932    81369.900    81721.278
268  LG+R5         40561.606    93  81309.212    81349.039    81707.115
269  LG+R6         40561.092    95  81312.184    81353.923    81718.644
274  LG+F          41627.616    104 83463.232    83514.260    83908.198
275  LG+F+I        41456.202    105 83122.404    83174.535    83571.649
276  LG+F+G4       40481.128    105 81172.256    81224.387    81621.501
277  LG+F+I+G4     40457.420    106 81126.841    81180.090    81580.364
278  LG+F+R2       40645.897    106 81503.793    81557.042    81957.316
279  LG+F+R3       40443.204    108 81102.408    81157.936    81564.488
280  LG+F+R4       40409.130    110 81038.260    81096.127    81508.897
281  LG+F+R5       40395.995    112 81015.989    81076.256    81495.184
282  LG+F+R6       40395.435    114 81018.869    81081.596    81506.620
287  DCMut         42707.636    85  85585.272    85617.979    85948.947
288  DCMut+I       42480.335    86  85132.670    85166.221    85500.623
289  DCMut+G4      41540.504    86  83253.008    83286.559    83620.961
290  DCMut+I+G4    41504.274    87  83182.549    83216.958    83554.780
291  DCMut+R2      41750.135    87  83674.271    83708.680    84046.502
292  DCMut+R3      41486.782    89  83151.564    83187.727    83532.353
293  DCMut+R4      41443.434    91  83068.867    83106.835    83458.213
294  DCMut+R5      41435.134    93  83056.269    83096.096    83454.171
295  DCMut+R6      41435.098    95  83060.195    83101.935    83466.655
300  DCMut+F       42271.405    104 84750.809    84801.837    85195.775
301  DCMut+F+I     42058.212    105 84326.424    84378.555    84775.668
302  DCMut+F+G4    41130.294    105 82470.588    82522.719    82919.833
303  DCMut+F+I+G4  41097.226    106 82406.452    82459.700    82859.975
304  DCMut+F+R2    41323.730    106 82859.460    82912.708    83312.983
305  DCMut+F+R3    41082.067    108 82380.134    82435.662    82842.214
306  DCMut+F+R4    41038.706    110 82297.413    82355.280    82768.050
307  DCMut+F+R5    41031.706    112 82287.411    82347.678    82766.606
308  DCMut+F+R6    41031.579    114 82291.157    82353.885    82778.909
313  PMB           41366.413    85  82902.826    82935.533    83266.500
314  PMB+I         41212.163    86  82596.326    82629.878    82964.279
315  PMB+G4        40595.190    86  81362.379    81395.931    81730.332
316  PMB+I+G4      40562.478    87  81298.957    81333.366    81671.188
317  PMB+R2        40672.264    87  81518.527    81552.936    81890.759
318  PMB+R3        40521.221    89  81220.442    81256.604    81601.230
319  PMB+R4        40500.665    91  81183.330    81221.298    81572.676
320  PMB+R5        40495.323    93  81176.645    81216.472    81574.548
326  PMB+F         41365.231    104 82938.461    82989.490    83383.428
327  PMB+F+I       41210.479    105 82630.957    82683.089    83080.202
328  PMB+F+G4      40584.193    105 81378.386    81430.517    81827.630
329  PMB+F+I+G4    40552.267    106 81316.533    81369.782    81770.056
330  PMB+F+R2      40667.491    106 81546.982    81600.231    82000.506
331  PMB+F+R3      40514.198    108 81244.395    81299.924    81706.476
332  PMB+F+R4      40492.313    110 81204.626    81262.494    81675.264
333  PMB+F+R5      40486.302    112 81196.605    81256.871    81675.799
339  HIVb          43121.635    85  86413.271    86445.978    86776.945
340  HIVb+I        42874.763    86  85921.526    85955.078    86289.479
341  HIVb+G4       41846.550    86  83865.100    83898.651    84233.053
342  HIVb+I+G4     41806.723    87  83787.446    83821.855    84159.678
343  HIVb+R2       42069.721    87  84313.442    84347.851    84685.674
344  HIVb+R3       41798.365    89  83774.731    83810.893    84155.519
345  HIVb+R4       41758.105    91  83698.211    83736.179    84087.556
346  HIVb+R5       41741.375    93  83668.750    83708.577    84066.653
347  HIVb+R6       41740.635    95  83671.270    83713.009    84077.729
352  HIVb+F        42965.091    104 86138.183    86189.211    86583.149
353  HIVb+F+I      42742.642    105 85695.283    85747.414    86144.528
354  HIVb+F+G4     41651.595    105 83513.191    83565.322    83962.435
355  HIVb+F+I+G4   41618.636    106 83449.271    83502.520    83902.795
356  HIVb+F+R2     41873.532    106 83959.065    84012.314    84412.588
357  HIVb+F+R3     41612.558    108 83441.116    83496.644    83903.196
358  HIVb+F+R4     41571.432    110 83362.865    83420.732    83833.502
359  HIVb+F+R5     41555.807    112 83335.614    83395.881    83814.808
360  HIVb+F+R6     41555.089    114 83338.178    83400.905    83825.929
365  HIVw          45279.724    85  90729.448    90762.155    91093.122
366  HIVw+I        44964.313    86  90100.626    90134.178    90468.579
367  HIVw+G4       43777.548    86  87727.096    87760.647    88095.049
368  HIVw+I+G4     43737.633    87  87649.266    87683.675    88021.498
369  HIVw+R2       44093.753    87  88361.505    88395.914    88733.737
370  HIVw+R3       43778.225    89  87734.449    87770.612    88115.238
371  HIVw+R4       43710.449    91  87602.898    87640.866    87992.243
372  HIVw+R5       43699.836    93  87585.673    87625.500    87983.575
373  HIVw+R6       43698.404    95  87586.807    87628.547    87993.267
378  HIVw+F        44218.641    104 88645.282    88696.310    89090.249
379  HIVw+F+I      43959.127    105 88128.255    88180.386    88577.499
380  HIVw+F+G4     42794.220    105 85798.440    85850.571    86247.685
381  HIVw+F+I+G4   42758.367    106 85728.734    85781.983    86182.257
382  HIVw+F+R2     43080.113    106 86372.225    86425.474    86825.749
383  HIVw+F+R3     42788.108    108 85792.216    85847.744    86254.296
384  HIVw+F+R4     42723.881    110 85667.762    85725.629    86138.399
385  HIVw+F+R5     42712.844    112 85649.687    85709.954    86128.882
386  HIVw+F+R6     42711.214    114 85650.427    85713.155    86138.179
391  JTTDCMut      42273.446    85  84716.892    84749.599    85080.566
392  JTTDCMut+I    42068.720    86  84309.440    84342.992    84677.393
393  JTTDCMut+G4   41169.681    86  82511.362    82544.914    82879.315
394  JTTDCMut+I+G4 41133.101    87  82440.202    82474.611    82812.433
395  JTTDCMut+R2   41334.038    87  82842.076    82876.485    83214.307
396  JTTDCMut+R3   41119.393    89  82416.786    82452.949    82797.575
397  JTTDCMut+R4   41082.901    91  82347.801    82385.769    82737.146
398  JTTDCMut+R5   41074.337    93  82334.674    82374.500    82732.576
399  JTTDCMut+R6   41073.959    95  82337.917    82379.656    82744.377
404  JTTDCMut+F    42122.441    104 84452.882    84503.910    84897.848
405  JTTDCMut+F+I  41931.851    105 84073.702    84125.833    84522.947
406  JTTDCMut+F+G4 41032.113    105 82274.225    82326.356    82723.470
407  JTTDCMut+F+I+G4 40999.525    106 82211.050    82264.299    82664.573
408  JTTDCMut+F+R2 41188.422    106 82588.844    82642.093    83042.368
409  JTTDCMut+F+R3 40984.236    108 82184.473    82240.001    82646.553
410  JTTDCMut+F+R4 40947.992    110 82115.984    82173.851    82586.621
411  JTTDCMut+F+R5 40938.769    112 82101.537    82161.804    82580.732
412  JTTDCMut+F+R6 40938.393    114 82104.786    82167.513    82592.537
417  FLU           43197.895    85  86565.790    86598.497    86929.465
418  FLU+I         42928.669    86  86029.339    86062.890    86397.292
419  FLU+G4        41913.633    86  83999.266    84032.818    84367.219
420  FLU+I+G4      41866.730    87  83907.459    83941.868    84279.691
421  FLU+R2        42139.771    87  84453.543    84487.952    84825.774
422  FLU+R3        41879.806    89  83937.612    83973.774    84318.400
423  FLU+R4        41825.743    91  83833.486    83871.454    84222.831
424  FLU+R5        41813.949    93  83813.898    83853.725    84211.800
425  FLU+R6        41812.530    95  83815.060    83856.799    84221.519
430  FLU+F         42843.912    104 85895.823    85946.851    86340.790
431  FLU+F+I       42618.249    105 85446.498    85498.629    85895.743
432  FLU+F+G4      41603.159    105 83416.317    83468.448    83865.562
433  FLU+F+I+G4    41564.512    106 83341.025    83394.274    83794.548
434  FLU+F+R2      41810.701    106 83833.402    83886.651    84286.926
435  FLU+F+R3      41565.941    108 83347.881    83403.410    83809.962
436  FLU+F+R4      41515.327    110 83250.653    83308.520    83721.290
437  FLU+F+R5      41506.726    112 83237.451    83297.718    83716.645
438  FLU+F+R6      41505.731    114 83239.463    83302.190    83727.214
443  Blosum62      41458.045    85  83086.089    83118.796    83449.764
444  Blosum62+I    41309.678    86  82791.356    82824.908    83159.309
445  Blosum62+G4   40664.022    86  81500.044    81533.596    81867.997
446  Blosum62+I+G4 40633.943    87  81441.886    81476.295    81814.117
447  Blosum62+R2   40746.491    87  81666.983    81701.392    82039.214
448  Blosum62+R3   40595.411    89  81368.822    81404.984    81749.610
449  Blosum62+R4   40571.157    91  81324.315    81362.283    81713.660
450  Blosum62+R5   40566.296    93  81318.593    81358.419    81716.495
456  Blosum62+F    41350.033    104 82908.065    82959.093    83353.031
457  Blosum62+F+I  41198.149    105 82606.298    82658.429    83055.543
458  Blosum62+F+G4 40553.403    105 81316.806    81368.937    81766.051
459  Blosum62+F+I+G4 40522.981    106 81257.961    81311.210    81711.485
460  Blosum62+F+R2 40638.836    106 81489.672    81542.921    81943.195
461  Blosum62+F+R3 40485.474    108 81186.947    81242.475    81649.027
462  Blosum62+F+R4 40460.240    110 81140.481    81198.348    81611.118
463  Blosum62+F+R5 40454.528    112 81133.056    81193.323    81612.250
469  mtMet         44546.843    85  89263.685    89296.392    89627.360
470  mtMet+I       44350.014    86  88872.028    88905.579    89239.981
471  mtMet+G4      42890.738    86  85953.475    85987.027    86321.428
472  mtMet+I+G4    42870.213    87  85914.426    85948.835    86286.657
473  mtMet+R2      43083.426    87  86340.852    86375.261    86713.083
474  mtMet+R3      42876.285    89  85930.570    85966.732    86311.358
475  mtMet+R4      42824.169    91  85830.338    85868.306    86219.683
476  mtMet+R5      42817.238    93  85820.476    85860.303    86218.379
477  mtMet+R6      42814.287    95  85818.573    85860.312    86225.033
482  mtMet+F       42763.584    104 85735.167    85786.195    86180.133
483  mtMet+F+I     42572.643    105 85355.285    85407.416    85804.530
484  mtMet+F+G4    41312.690    105 82835.381    82887.512    83284.626
485  mtMet+F+I+G4  41287.924    106 82787.847    82841.096    83241.370
486  mtMet+F+R2    41549.108    106 83310.217    83363.465    83763.740
487  mtMet+F+R3    41313.455    108 82842.911    82898.439    83304.991
488  mtMet+F+R4    41256.830    110 82733.661    82791.528    83204.298
489  mtMet+F+R5    41247.236    112 82718.473    82778.740    83197.667
490  mtMet+F+R6    41242.568    114 82713.135    82775.863    83200.887
495  mtVer         45284.261    85  90738.522    90771.229    91102.196
496  mtVer+I       45049.282    86  90270.564    90304.116    90638.517
497  mtVer+G4      43506.491    86  87184.981    87218.533    87552.934
498  mtVer+I+G4    43483.536    87  87141.072    87175.481    87513.304
499  mtVer+R2      43720.433    87  87614.865    87649.274    87987.097
500  mtVer+R3      43486.207    89  87150.414    87186.577    87531.203
501  mtVer+R4      43434.988    91  87051.975    87089.944    87441.321
502  mtVer+R5      43428.729    93  87043.459    87083.286    87441.361
508  mtVer+F       43395.057    104 86998.114    87049.142    87443.080
509  mtVer+F+I     43178.594    105 86567.188    86619.319    87016.433
510  mtVer+F+G4    41821.444    105 83852.888    83905.019    84302.132
511  mtVer+F+I+G4  41798.426    106 83808.851    83862.100    84262.375
512  mtVer+F+R2    42104.596    106 84421.193    84474.442    84874.716
513  mtVer+F+R3    41844.253    108 83904.507    83960.035    84366.587
514  mtVer+F+R4    41773.192    110 83766.385    83824.252    84237.022
515  mtVer+F+R5    41765.137    112 83754.273    83814.540    84233.467
516  mtVer+F+R6    41760.450    114 83748.900    83811.627    84236.652
521  mtInv         44459.778    85  89089.556    89122.263    89453.230
522  mtInv+I       44280.469    86  88732.938    88766.489    89100.891
523  mtInv+G4      42965.784    86  86103.568    86137.120    86471.521
524  mtInv+I+G4    42944.592    87  86063.184    86097.593    86435.416
525  mtInv+R2      43119.254    87  86412.507    86446.916    86784.739
526  mtInv+R3      42946.125    89  86070.249    86106.412    86451.038
527  mtInv+R4      42897.223    91  85976.445    86014.413    86365.791
528  mtInv+R5      42891.940    93  85969.879    86009.706    86367.782
534  mtInv+F       42331.804    104 84871.608    84922.636    85316.574
535  mtInv+F+I     42146.792    105 84503.584    84555.716    84952.829
536  mtInv+F+G4    41006.152    105 82222.304    82274.435    82671.549
537  mtInv+F+I+G4  40978.348    106 82168.697    82221.945    82622.220
538  mtInv+F+R2    41216.206    106 82644.412    82697.661    83097.935
539  mtInv+F+R3    40994.577    108 82205.155    82260.683    82667.235
540  mtInv+F+R4    40938.940    110 82097.881    82155.748    82568.518
541  mtInv+F+R5    40931.852    112 82087.704    82147.971    82566.898
542  mtInv+F+R6    40926.811    114 82081.623    82144.350    82569.374
Akaike Information Criterion:           LG+F+R5
Corrected Akaike Information Criterion: LG+F+R5
Bayesian Information Criterion:         LG+F+R5
Best-fit model: LG+F+R5 chosen according to BIC

All model information printed to mito_tree.model.gz
CPU time for ModelFinder: 1179.108 seconds (0h:19m:39s)
Wall-clock time for ModelFinder: 102.823 seconds (0h:1m:42s)
Generating 1000 samples for ultrafast bootstrap (seed: 292596)...

NOTE: 20 MB RAM (0 GB) is required!
Estimate model parameters (epsilon = 0.100)
1. Initial log-likelihood: -40472.245
2. Current log-likelihood: -40410.004
3. Current log-likelihood: -40407.152
4. Current log-likelihood: -40406.252
5. Current log-likelihood: -40405.560
6. Current log-likelihood: -40405.090
7. Current log-likelihood: -40404.683
8. Current log-likelihood: -40404.355
9. Current log-likelihood: -40404.088
10. Current log-likelihood: -40403.955
11. Current log-likelihood: -40403.828
12. Current log-likelihood: -40403.714
Optimal log-likelihood: -40403.549
Site proportion and rates:  (0.070,0.092) (0.118,0.329) (0.221,0.584) (0.337,1.089) (0.254,1.808)
Parameters optimization took 12 rounds (1.431 sec)
Computing ML distances based on estimated model parameters... 0.702 sec
Computing BIONJ tree...
0.003 seconds
Log-likelihood of BIONJ tree: -40409.495
--------------------------------------------------------------------
|             INITIALIZING CANDIDATE TREE SET                      |
--------------------------------------------------------------------
Generating 98 parsimony trees... 1.264 second
Computing log-likelihood of 98 initial trees ... 2.895 seconds
Current best score: -40403.549

Do NNI search on 20 best initial trees
Estimate model parameters (epsilon = 0.100)
BETTER TREE FOUND at iteration 1: -40364.165
Estimate model parameters (epsilon = 0.100)
BETTER TREE FOUND at iteration 2: -40356.279
UPDATE BEST LOG-LIKELIHOOD: -40356.270
Estimate model parameters (epsilon = 0.100)
UPDATE BEST LOG-LIKELIHOOD: -40355.983
Estimate model parameters (epsilon = 0.100)
UPDATE BEST LOG-LIKELIHOOD: -40355.716
Estimate model parameters (epsilon = 0.100)
UPDATE BEST LOG-LIKELIHOOD: -40355.484
UPDATE BEST LOG-LIKELIHOOD: -40355.477
Iteration 10 / LogL: -40360.420 / Time: 0h:0m:11s
UPDATE BEST LOG-LIKELIHOOD: -40355.467
UPDATE BEST LOG-LIKELIHOOD: -40355.467
Iteration 20 / LogL: -40355.467 / Time: 0h:0m:13s
Finish initializing candidate tree set (3)
Current best tree score: -40355.467 / CPU time: 12.392
Number of iterations: 20
--------------------------------------------------------------------
|               OPTIMIZING CANDIDATE TREE SET                      |
--------------------------------------------------------------------
Estimate model parameters (epsilon = 0.100)
BETTER TREE FOUND at iteration 22: -40355.062
Estimate model parameters (epsilon = 0.100)
UPDATE BEST LOG-LIKELIHOOD: -40354.946
Estimate model parameters (epsilon = 0.100)
UPDATE BEST LOG-LIKELIHOOD: -40354.841
Iteration 30 / LogL: -40355.103 / Time: 0h:0m:18s (0h:0m:57s left)
UPDATE BEST LOG-LIKELIHOOD: -40354.839
UPDATE BEST LOG-LIKELIHOOD: -40354.829
Iteration 40 / LogL: -40360.113 / Time: 0h:0m:21s (0h:0m:45s left)
Iteration 50 / LogL: -40356.461 / Time: 0h:0m:25s (0h:0m:36s left)
Log-likelihood cutoff on original alignment: -40394.663
Iteration 60 / LogL: -40354.954 / Time: 0h:0m:28s (0h:0m:30s left)
Iteration 70 / LogL: -40355.993 / Time: 0h:0m:32s (0h:0m:24s left)
Iteration 80 / LogL: -40355.869 / Time: 0h:0m:35s (0h:0m:18s left)
Iteration 90 / LogL: -40355.196 / Time: 0h:0m:39s (0h:0m:14s left)
Iteration 100 / LogL: -40360.116 / Time: 0h:0m:42s (0h:0m:9s left)
Log-likelihood cutoff on original alignment: -40394.663
NOTE: Bootstrap correlation coefficient of split occurrence frequencies: 1.000
UPDATE BEST LOG-LIKELIHOOD: -40354.828
Iteration 110 / LogL: -40354.829 / Time: 0h:0m:46s (0h:0m:38s left)
Iteration 120 / LogL: -40356.247 / Time: 0h:0m:49s (0h:0m:33s left)
TREE SEARCH COMPLETED AFTER 123 ITERATIONS / Time: 0h:0m:50s

--------------------------------------------------------------------
|                    FINALIZING TREE SEARCH                        |
--------------------------------------------------------------------
Performs final model parameters optimization
Estimate model parameters (epsilon = 0.010)
1. Initial log-likelihood: -40354.828
2. Current log-likelihood: -40354.763
3. Current log-likelihood: -40354.672
4. Current log-likelihood: -40354.596
5. Current log-likelihood: -40354.523
6. Current log-likelihood: -40354.450
7. Current log-likelihood: -40354.380
8. Current log-likelihood: -40354.314
9. Current log-likelihood: -40354.252
10. Current log-likelihood: -40354.191
11. Current log-likelihood: -40354.132
12. Current log-likelihood: -40354.077
13. Current log-likelihood: -40354.025
14. Current log-likelihood: -40353.982
15. Current log-likelihood: -40353.944
16. Current log-likelihood: -40353.911
17. Current log-likelihood: -40353.895
18. Current log-likelihood: -40353.874
19. Current log-likelihood: -40353.859
20. Current log-likelihood: -40353.838
21. Current log-likelihood: -40353.824
22. Current log-likelihood: -40353.804
23. Current log-likelihood: -40353.793
24. Current log-likelihood: -40353.773
25. Current log-likelihood: -40353.763
26. Current log-likelihood: -40353.749
27. Current log-likelihood: -40353.736
Optimal log-likelihood: -40353.721
Site proportion and rates:  (0.052,0.061) (0.077,0.232) (0.269,0.520) (0.383,1.100) (0.218,1.913)
Parameters optimization took 27 rounds (2.625 sec)
BEST SCORE FOUND : -40353.721
Creating bootstrap support values...
Split supports printed to NEXUS file mito_tree.splits.nex
Total tree length: 48.720

Total number of iterations: 123
CPU time used for tree search: 568.770 sec (0h:9m:28s)
Wall-clock time used for tree search: 49.275 sec (0h:0m:49s)
Total CPU time used: 618.969 sec (0h:10m:18s)
Total wall-clock time used: 53.580 sec (0h:0m:53s)

Computing bootstrap consensus tree...
Reading input file mito_tree.splits.nex...
44 taxa and 194 splits.
Consensus tree written to mito_tree.contree
Reading input trees file mito_tree.contree
Log-likelihood of consensus tree: -40353.986

Analysis results written to: 
  IQ-TREE report:                mito_tree.iqtree
  Maximum-likelihood tree:       mito_tree.treefile
  Likelihood distances:          mito_tree.mldist

Ultrafast bootstrap approximation results written to:
  Split support values:          mito_tree.splits.nex
  Consensus tree:                mito_tree.contree
  Screen log file:               mito_tree.log

Date and Time: Fri Dec  6 10:39:41 2019
