IQ-TREE multicore version 1.6.12 for Linux 64-bit built Aug 15 2019
Developed by Bui Quang Minh, Nguyen Lam Tung, Olga Chernomor,
Heiko Schmidt, Dominik Schrempf, Michael Woodhams.

Host:    gl3027.arc-ts.umich.edu (AVX512, FMA3, 187 GB RAM)
Command: iqtree -s data/process/trees/astrovirus/fasta/astro_rdrp_aligned_nogaps.fasta -pre astro_tree -st AA -m MFP -bb 1000 -nt 12
Seed:    696687 (Using SPRNG - Scalable Parallel Random Number Generator)
Time:    Thu Dec  5 18:35:12 2019
Kernel:  AVX+FMA - 12 threads (36 CPU cores detected)

Reading alignment file data/process/trees/astrovirus/fasta/astro_rdrp_aligned_nogaps.fasta ... Fasta format detected
Alignment most likely contains protein sequences
Alignment has 53 sequences with 512 columns, 481 distinct patterns
403 parsimony-informative, 30 singleton sites, 79 constant sites
                   Gap/Ambiguity  Composition  p-value
   1  YP_006843891.1       2.15%    passed     17.90%
   2  YP_009448179.1       0.98%    passed     62.28%
   3  YP_009010981.1       1.37%    passed     89.19%
   4  YP_005271208.1       1.37%    passed     89.75%
   5  YP_009154706.1       5.27%    passed     79.61%
   6  YP_009130648.1       0.78%    passed     98.50%
   7  YP_009664775.1       9.57%    passed     70.96%
   8  YP_009094053.1       0.98%    passed     64.99%
   9  NP_751905.1          0.39%    passed     99.47%
  10  YP_009345903.1       0.78%    passed     59.31%
  11  YP_009094278.1       0.20%    passed     98.49%
  12  YP_008519301.1       0.20%    passed     99.54%
  13  YP_009275017.1       0.20%    passed     99.63%
  14  NP_059443.2          0.20%    passed     99.08%
  15  YP_009380531.1       2.15%    passed     99.87%
  16  YP_009010943.1       1.56%    passed     99.68%
  17  YP_009010952.1       1.56%    passed     98.88%
  18  YP_009010946.1       1.56%    passed     99.94%
  19  YP_009480536.1       1.56%    passed     99.98%
  20  YP_009345898.1       1.37%    passed     85.74%
  21  YP_009010949.1       1.56%    passed     99.51%
  22  YP_009162617.1       1.56%    passed     99.97%
  23  YP_009041462.1       1.56%    passed     99.80%
  24  YP_006905853.1       1.17%    passed     90.95%
  25  YP_009010978.1       1.56%    passed     97.26%
  26  YP_004934009.1       1.17%    passed     99.15%
  27  YP_002290967.1       1.17%    passed     98.57%
  28  YP_009664779.1       0.39%    passed     95.82%
  29  YP_009052461.1       3.32%    passed     84.13%
  30  NP_795335.1          1.37%    passed     93.54%
  31  YP_006905856.1       0.20%    passed     98.42%
  32  YP_007003830.1       0.20%    passed     94.94%
  33  YP_003275951.1       0.20%    passed     74.08%
  34  YP_006905859.1       0.20%    passed     99.28%
  35  YP_009047078.1       0.39%    passed     93.99%
  36  NP_059945.2          0.20%    passed     99.07%
  37  YP_003090286.1       0.20%    passed     90.70%
  38  YP_009664790.1       0.98%    passed     79.85%
  39  YP_009664787.1       0.39%    passed     87.38%
  40  YP_009664783.1      10.55%    passed     95.60%
  41  YP_009380533.1      35.94%    passed     82.86%
  42  YP_009047246.1       0.20%    passed     99.28%
  43  YP_009010968.1       1.95%    passed     12.88%
  44  YP_009362294.1       3.52%    passed     23.18%
  45  NP_620617.2          3.32%    passed     98.98%
  46  YP_002728002.1       3.52%    passed     28.77%
  47  NP_987087.2          2.93%    passed     59.76%
  48  NP_853540.1          3.52%    passed     98.52%
  49  YP_009664785.1      53.12%    passed      6.95%
  50  YP_009664781.1      53.12%    passed     53.32%
  51  YP_009664777.1      52.93%    passed     97.36%
  52  YP_009666025.1      77.15%    passed     83.96%
  53  cef630_NODE_270_2   88.28%    passed      6.60%
WARNING: 5 sequences contain more than 50% gaps/ambiguity
****  TOTAL                8.34%  0 sequences failed composition chi2 test (p-value<5%; df=19)


Create initial parsimony tree by phylogenetic likelihood library (PLL)... 0.012 seconds
NOTE: ModelFinder requires 43 MB RAM!
ModelFinder will test 546 protein models (sample size: 512) ...
 No. Model         -LnL         df  AIC          AICc         BIC
  1  Dayhoff       27099.766    103 54405.532    54458.042    54842.080
  2  Dayhoff+I     26345.947    104 52899.894    52953.555    53340.679
  3  Dayhoff+G4    25479.019    104 51166.038    51219.698    51606.823
  4  Dayhoff+I+G4  25428.469    105 51066.939    51121.766    51511.963
  5  Dayhoff+R2    25748.051    105 51706.102    51760.930    52151.126
  6  Dayhoff+R3    25501.554    107 51217.107    51274.315    51670.608
  7  Dayhoff+R4    25445.195    109 51108.391    51168.042    51570.368
  8  Dayhoff+R5    25433.825    111 51089.650    51151.810    51560.104
  9  Dayhoff+R6    25429.306    113 51084.611    51149.345    51563.542
 14  Dayhoff+F     26957.592    122 54159.183    54236.335    54676.259
 15  Dayhoff+F+I   26203.518    123 52653.036    52731.654    53174.350
 16  Dayhoff+F+G4  25321.235    123 50888.470    50967.088    51409.784
 17  Dayhoff+F+I+G4 25272.052    124 50792.104    50872.207    51317.656
 18  Dayhoff+F+R2  25595.908    124 51439.816    51519.920    51965.368
 19  Dayhoff+F+R3  25338.554    126 50929.108    51012.235    51463.137
 20  Dayhoff+F+R4  25287.383    128 50830.765    50916.990    51373.271
 21  Dayhoff+F+R5  25276.368    130 50812.735    50902.132    51363.718
 22  Dayhoff+F+R6  25274.387    132 50812.775    50905.419    51372.234
 27  mtMAM         30592.401    103 61390.802    61443.312    61827.349
 28  mtMAM+I       29956.560    104 60121.119    60174.780    60561.905
 29  mtMAM+G4      27285.857    104 54779.715    54833.376    55220.500
 30  mtMAM+I+G4    27275.456    105 54760.913    54815.740    55205.937
 31  mtMAM+R2      27842.292    105 55894.585    55949.412    56339.609
 32  mtMAM+R3      27468.129    107 55150.258    55207.466    55603.759
 33  mtMAM+R4      27314.285    109 54846.569    54906.221    55308.547
 34  mtMAM+R5      27277.560    111 54777.120    54839.280    55247.574
 35  mtMAM+R6      27271.068    113 54768.137    54832.871    55247.068
 36  mtMAM+R7      27270.913    115 54771.826    54839.199    55259.233
 40  mtMAM+F       28788.479    122 57820.959    57898.111    58338.034
 41  mtMAM+F+I     28039.148    123 56324.296    56402.914    56845.610
 42  mtMAM+F+G4    26239.370    123 52724.739    52803.358    53246.053
 43  mtMAM+F+I+G4  26203.783    124 52655.565    52735.668    53181.117
 44  mtMAM+F+R2    26729.452    124 53706.905    53787.008    54232.457
 45  mtMAM+F+R3    26332.805    126 52917.610    53000.737    53451.639
 46  mtMAM+F+R4    26233.010    128 52722.020    52808.245    53264.526
 47  mtMAM+F+R5    26218.194    130 52696.388    52785.784    53247.370
 48  mtMAM+F+R6    26214.817    132 52693.633    52786.277    53253.092
 53  JTT           26966.603    103 54139.206    54191.716    54575.753
 54  JTT+I         26261.702    104 52731.404    52785.065    53172.190
 55  JTT+G4        25307.555    104 50823.110    50876.771    51263.896
 56  JTT+I+G4      25273.248    105 50756.495    50811.323    51201.519
 57  JTT+R2        25579.220    105 51368.440    51423.268    51813.465
 58  JTT+R3        25330.195    107 50874.391    50931.599    51327.892
 59  JTT+R4        25279.043    109 50776.086    50835.738    51238.063
 60  JTT+R5        25271.103    111 50764.206    50826.366    51234.660
 61  JTT+R6        25270.090    113 50766.181    50830.914    51245.111
 66  JTT+F         26871.479    122 53986.958    54064.110    54504.034
 67  JTT+F+I       26162.097    123 52570.195    52648.813    53091.509
 68  JTT+F+G4      25253.472    123 50752.944    50831.562    51274.258
 69  JTT+F+I+G4    25214.804    124 50677.608    50757.712    51203.161
 70  JTT+F+R2      25515.039    124 51278.078    51358.182    51803.630
 71  JTT+F+R3      25277.032    126 50806.065    50889.192    51340.093
 72  JTT+F+R4      25221.346    128 50698.691    50784.916    51241.197
 73  JTT+F+R5      25214.845    130 50689.690    50779.087    51240.673
 74  JTT+F+R6      25214.158    132 50692.316    50784.960    51251.775
 79  WAG           26494.286    103 53194.571    53247.081    53631.119
 80  WAG+I         25794.937    104 51797.874    51851.535    52238.659
 81  WAG+G4        25023.405    104 50254.811    50308.472    50695.597
 82  WAG+I+G4      24980.714    105 50171.428    50226.256    50616.452
 83  WAG+R2        25214.247    105 50638.494    50693.321    51083.518
 84  WAG+R3        25027.207    107 50268.413    50325.621    50721.914
 85  WAG+R4        24978.579    109 50175.158    50234.810    50637.135
 86  WAG+R5        24972.005    111 50166.010    50228.170    50636.464
 87  WAG+R6        24971.773    113 50169.546    50234.280    50648.477
 92  WAG+F         26460.997    122 53165.995    53243.146    53683.070
 93  WAG+F+I       25757.601    123 51761.202    51839.820    52282.515
 94  WAG+F+G4      24986.649    123 50219.298    50297.917    50740.612
 95  WAG+F+I+G4    24941.480    124 50130.960    50211.064    50656.513
 96  WAG+F+R2      25181.918    124 50611.836    50691.939    51137.388
 97  WAG+F+R3      24991.289    126 50234.579    50317.706    50768.608
 98  WAG+F+R4      24941.349    128 50138.698    50224.922    50681.203
 99  WAG+F+R5      24935.825    130 50131.650    50221.046    50682.632
105  cpREV         26771.738    103 53749.477    53801.987    54186.024
106  cpREV+I       26063.060    104 52334.120    52387.781    52774.906
107  cpREV+G4      25240.001    104 50688.002    50741.663    51128.788
108  cpREV+I+G4    25196.537    105 50603.073    50657.901    51048.098
109  cpREV+R2      25421.451    105 51052.903    51107.730    51497.927
110  cpREV+R3      25246.451    107 50706.901    50764.109    51160.402
111  cpREV+R4      25192.797    109 50603.595    50663.247    51065.572
112  cpREV+R5      25187.830    111 50597.660    50659.820    51068.114
118  cpREV+F       26696.957    122 53637.913    53715.065    54154.989
119  cpREV+F+I     25946.455    123 52138.910    52217.529    52660.224
120  cpREV+F+G4    25175.679    123 50597.357    50675.976    51118.671
121  cpREV+F+I+G4  25126.880    124 50501.760    50581.863    51027.312
122  cpREV+F+R2    25355.170    124 50958.341    51038.444    51483.893
123  cpREV+F+R3    25185.257    126 50622.514    50705.641    51156.543
124  cpREV+F+R4    25121.389    128 50498.779    50585.003    51041.284
125  cpREV+F+R5    25114.578    130 50489.157    50578.553    51040.139
126  cpREV+F+R6    25113.996    132 50491.993    50584.637    51051.452
131  mtREV         28980.114    103 58166.229    58218.739    58602.776
132  mtREV+I       28372.673    104 56953.347    57007.008    57394.133
133  mtREV+G4      26623.215    104 53454.430    53508.091    53895.216
134  mtREV+I+G4    26598.892    105 53407.783    53462.611    53852.807
135  mtREV+R2      27056.812    105 54323.625    54378.453    54768.649
136  mtREV+R3      26686.062    107 53586.124    53643.332    54039.624
137  mtREV+R4      26609.102    109 53436.203    53495.855    53898.181
138  mtREV+R5      26606.265    111 53434.529    53496.689    53904.983
144  mtREV+F       27490.474    122 55224.948    55302.099    55742.023
145  mtREV+F+I     26789.936    123 53825.871    53904.490    54347.185
146  mtREV+F+G4    25558.388    123 51362.775    51441.394    51884.089
147  mtREV+F+I+G4  25521.625    124 51291.249    51371.353    51816.801
148  mtREV+F+R2    25922.113    124 52092.227    52172.330    52617.779
149  mtREV+F+R3    25607.676    126 51467.353    51550.480    52001.382
150  mtREV+F+R4    25540.289    128 51336.578    51422.803    51879.084
151  mtREV+F+R5    25523.889    130 51307.777    51397.174    51858.760
152  mtREV+F+R6    25515.758    132 51295.515    51388.159    51854.974
153  mtREV+F+R7    25514.610    134 51297.221    51393.189    51865.156
157  rtREV         26750.622    103 53707.245    53759.754    54143.792
158  rtREV+I       26087.506    104 52383.011    52436.672    52823.797
159  rtREV+G4      25092.543    104 50393.086    50446.747    50833.872
160  rtREV+I+G4    25053.971    105 50317.943    50372.771    50762.967
161  rtREV+R2      25374.824    105 50959.649    51014.476    51404.673
162  rtREV+R3      25105.598    107 50425.196    50482.404    50878.697
163  rtREV+R4      25068.047    109 50354.095    50413.746    50816.072
164  rtREV+R5      25049.936    111 50321.872    50384.032    50792.326
165  rtREV+R6      25049.402    113 50324.804    50389.538    50803.735
170  rtREV+F       26607.210    122 53458.419    53535.571    53975.495
171  rtREV+F+I     25927.204    123 52100.408    52179.027    52621.722
172  rtREV+F+G4    24927.328    123 50100.655    50179.274    50621.969
173  rtREV+F+I+G4  24890.287    124 50028.574    50108.677    50554.126
174  rtREV+F+R2    25212.350    124 50672.700    50752.803    51198.252
175  rtREV+F+R3    24945.423    126 50142.846    50225.973    50676.875
176  rtREV+F+R4    24903.891    128 50063.782    50150.006    50606.287
177  rtREV+F+R5    24887.458    130 50034.917    50124.313    50585.899
178  rtREV+F+R6    24886.784    132 50037.568    50130.211    50597.026
183  mtART         29961.644    103 60129.288    60181.798    60565.836
184  mtART+I       29319.796    104 58847.591    58901.252    59288.377
185  mtART+G4      26743.439    104 53694.879    53748.539    54135.664
186  mtART+I+G4    26727.402    105 53664.803    53719.631    54109.827
187  mtART+R2      27225.314    105 54660.628    54715.455    55105.652
188  mtART+R3      26883.563    107 53981.127    54038.334    54434.627
189  mtART+R4      26753.725    109 53725.450    53785.102    54187.428
190  mtART+R5      26710.901    111 53643.802    53705.962    54114.256
191  mtART+R6      26710.863    113 53647.726    53712.460    54126.657
196  mtART+F       28179.387    122 56602.773    56679.925    57119.849
197  mtART+F+I     27455.557    123 55157.115    55235.733    55678.429
198  mtART+F+G4    25665.169    123 51576.337    51654.956    52097.651
199  mtART+F+I+G4  25636.302    124 51520.605    51600.708    52046.157
200  mtART+F+R2    26150.738    124 52549.476    52629.580    53075.028
201  mtART+F+R3    25765.173    126 51782.347    51865.474    52316.375
202  mtART+F+R4    25670.433    128 51596.867    51683.091    52139.372
203  mtART+F+R5    25643.680    130 51547.361    51636.757    52098.343
204  mtART+F+R6    25643.655    132 51551.309    51643.953    52110.768
209  mtZOA         28867.575    103 57941.150    57993.659    58377.697
210  mtZOA+I       28250.395    104 56708.791    56762.452    57149.577
211  mtZOA+G4      26115.301    104 52438.601    52492.262    52879.387
212  mtZOA+I+G4    26094.985    105 52399.970    52454.798    52844.994
213  mtZOA+R2      26540.394    105 53290.789    53345.616    53735.813
214  mtZOA+R3      26199.523    107 52613.045    52670.253    53066.546
215  mtZOA+R4      26109.167    109 52436.333    52495.985    52898.311
216  mtZOA+R5      26085.361    111 52392.723    52454.883    52863.177
217  mtZOA+R6      26085.332    113 52396.665    52461.399    52875.596
222  mtZOA+F       27446.997    122 55137.995    55215.146    55655.070
223  mtZOA+F+I     26739.551    123 53725.102    53803.721    54246.416
224  mtZOA+F+G4    25324.483    123 50894.965    50973.584    51416.279
225  mtZOA+F+I+G4  25289.313    124 50826.626    50906.730    51352.178
226  mtZOA+F+R2    25737.256    124 51722.513    51802.616    52248.065
227  mtZOA+F+R3    25378.317    126 51008.633    51091.761    51542.662
228  mtZOA+F+R4    25312.212    128 50880.425    50966.649    51422.930
229  mtZOA+F+R5    25294.633    130 50849.265    50938.661    51400.247
230  mtZOA+F+R6    25294.609    132 50853.219    50945.863    51412.678
235  VT            26510.004    103 53226.008    53278.517    53662.555
236  VT+I          25841.729    104 51891.457    51945.118    52332.243
237  VT+G4         25051.277    104 50310.553    50364.214    50751.339
238  VT+I+G4       25013.299    105 50236.599    50291.426    50681.623
239  VT+R2         25248.336    105 50706.672    50761.499    51151.696
240  VT+R3         25055.333    107 50324.666    50381.874    50778.167
241  VT+R4         25012.156    109 50242.311    50301.963    50704.289
242  VT+R5         25009.552    111 50241.103    50303.263    50711.557
248  VT+F          26464.630    122 53173.261    53250.412    53690.336
249  VT+F+I        25791.141    123 51828.283    51906.901    52349.597
250  VT+F+G4       25034.289    123 50314.578    50393.197    50835.892
251  VT+F+I+G4     24992.500    124 50233.000    50313.104    50758.553
252  VT+F+R2       25222.686    124 50693.372    50773.475    51218.924
253  VT+F+R3       25037.801    126 50327.603    50410.730    50861.632
254  VT+F+R4       24991.404    128 50238.809    50325.033    50781.314
255  VT+F+R5       24988.649    130 50237.298    50326.695    50788.280
261  LG            26617.051    103 53440.103    53492.612    53876.650
262  LG+I          25930.905    104 52069.810    52123.471    52510.596
263  LG+G4         24888.421    104 49984.842    50038.503    50425.628
264  LG+I+G4       24852.634    105 49915.267    49970.095    50360.292
265  LG+R2         25184.830    105 50579.660    50634.488    51024.684
266  LG+R3         24909.223    107 50032.445    50089.653    50485.946
267  LG+R4         24864.723    109 49947.446    50007.098    50409.424
268  LG+R5         24848.447    111 49918.893    49981.053    50389.347
269  LG+R6         24848.314    113 49922.628    49987.362    50401.559
274  LG+F          26539.767    122 53323.534    53400.686    53840.610
275  LG+F+I        25846.306    123 51938.613    52017.231    52459.926
276  LG+F+G4       24855.695    123 49957.389    50036.008    50478.703
277  LG+F+I+G4     24816.709    124 49881.418    49961.522    50406.970
278  LG+F+R2       25138.766    124 50525.532    50605.636    51051.085
279  LG+F+R3       24879.201    126 50010.401    50093.529    50544.430
280  LG+F+R4       24827.393    128 49910.786    49997.010    50453.291
281  LG+F+R5       24813.872    130 49887.743    49977.140    50438.726
282  LG+F+R6       24813.756    132 49891.512    49984.156    50450.971
287  DCMut         27098.055    103 54402.109    54454.619    54838.657
288  DCMut+I       26344.864    104 52897.728    52951.389    53338.514
289  DCMut+G4      25479.305    104 51166.609    51220.270    51607.395
290  DCMut+I+G4    25428.814    105 51067.629    51122.456    51512.653
291  DCMut+R2      25730.146    105 51670.291    51725.119    52115.315
292  DCMut+R3      25492.250    107 51198.500    51255.708    51652.000
293  DCMut+R4      25437.653    109 51093.305    51152.957    51555.283
294  DCMut+R5      25417.188    111 51056.376    51118.536    51526.830
295  DCMut+R6      25417.101    113 51060.202    51124.936    51539.133
300  DCMut+F       26955.935    122 54155.870    54233.021    54672.945
301  DCMut+F+I     26202.639    123 52651.277    52729.896    53172.591
302  DCMut+F+G4    25321.535    123 50889.070    50967.689    51410.384
303  DCMut+F+I+G4  25272.489    124 50792.978    50873.082    51318.531
304  DCMut+F+R2    25589.288    124 51426.576    51506.679    51952.128
305  DCMut+F+R3    25338.178    126 50928.356    51011.484    51462.385
306  DCMut+F+R4    25286.298    128 50828.596    50914.821    51371.102
307  DCMut+F+R5    25267.353    130 50794.706    50884.102    51345.688
308  DCMut+F+R6    25267.120    132 50798.240    50890.884    51357.699
313  PMB           26595.072    103 53396.144    53448.653    53832.691
314  PMB+I         25938.422    104 52084.845    52138.506    52525.630
315  PMB+G4        25130.639    104 50469.277    50522.938    50910.063
316  PMB+I+G4      25093.416    105 50396.832    50451.660    50841.856
317  PMB+R2        25319.625    105 50849.251    50904.078    51294.275
318  PMB+R3        25130.132    107 50474.263    50531.471    50927.764
319  PMB+R4        25090.543    109 50399.086    50458.738    50861.064
320  PMB+R5        25084.939    111 50391.877    50454.037    50862.331
326  PMB+F         26611.197    122 53466.393    53543.545    53983.469
327  PMB+F+I       25936.025    123 52118.051    52196.669    52639.365
328  PMB+F+G4      25172.590    123 50591.180    50669.799    51112.494
329  PMB+F+I+G4    25130.603    124 50509.207    50589.310    51034.759
330  PMB+F+R2      25350.529    124 50949.057    51029.160    51474.609
331  PMB+F+R3      25171.745    126 50595.490    50678.618    51129.519
332  PMB+F+R4      25126.784    128 50509.567    50595.792    51052.073
333  PMB+F+R5      25120.446    130 50500.891    50590.288    51051.874
334  PMB+F+R6      25120.336    132 50504.671    50597.315    51064.130
339  HIVb          28169.060    103 56544.119    56596.629    56980.667
340  HIVb+I        27317.231    104 54842.462    54896.123    55283.248
341  HIVb+G4       26031.940    104 52271.880    52325.541    52712.665
342  HIVb+I+G4     25990.473    105 52190.947    52245.774    52635.971
343  HIVb+R2       26408.812    105 53027.624    53082.451    53472.648
344  HIVb+R3       26074.209    107 52362.419    52419.626    52815.919
345  HIVb+R4       26001.653    109 52221.305    52280.957    52683.282
346  HIVb+R5       25970.809    111 52163.618    52225.778    52634.072
347  HIVb+R6       25970.746    113 52167.491    52232.225    52646.422
352  HIVb+F        28122.912    122 56489.825    56566.976    57006.900
353  HIVb+F+I      27257.268    123 54760.537    54839.155    55281.851
354  HIVb+F+G4     25970.716    123 52187.432    52266.051    52708.746
355  HIVb+F+I+G4   25930.406    124 52108.811    52188.915    52634.364
356  HIVb+F+R2     26351.290    124 52950.580    53030.683    53476.132
357  HIVb+F+R3     26023.747    126 52299.494    52382.621    52833.523
358  HIVb+F+R4     25937.580    128 52131.160    52217.384    52673.665
359  HIVb+F+R5     25914.806    130 52089.611    52179.007    52640.593
360  HIVb+F+R6     25914.767    132 52093.534    52186.178    52652.993
365  HIVw          29390.643    103 58987.286    59039.796    59423.833
366  HIVw+I        28486.368    104 57180.735    57234.396    57621.521
367  HIVw+G4       27372.875    104 54953.751    55007.412    55394.537
368  HIVw+I+G4     27313.267    105 54836.535    54891.362    55281.559
369  HIVw+R2       27738.904    105 55687.808    55742.636    56132.832
370  HIVw+R3       27405.680    107 55025.360    55082.568    55478.861
371  HIVw+R4       27338.039    109 54894.077    54953.729    55356.055
372  HIVw+R5       27295.254    111 54812.509    54874.669    55282.963
373  HIVw+R6       27295.236    113 54816.472    54881.206    55295.403
378  HIVw+F        29012.969    122 58269.937    58347.089    58787.013
379  HIVw+F+I      28085.113    123 56416.226    56494.845    56937.540
380  HIVw+F+G4     26923.869    123 54093.738    54172.357    54615.052
381  HIVw+F+I+G4   26880.467    124 54008.934    54089.037    54534.486
382  HIVw+F+R2     27304.606    124 54857.211    54937.315    55382.764
383  HIVw+F+R3     26972.605    126 54197.209    54280.336    54731.238
384  HIVw+F+R4     26889.029    128 54034.058    54120.283    54576.564
385  HIVw+F+R5     26863.538    130 53987.075    54076.471    54538.057
386  HIVw+F+R6     26863.469    132 53990.938    54083.582    54550.397
391  JTTDCMut      26943.937    103 54093.874    54146.384    54530.421
392  JTTDCMut+I    26240.362    104 52688.724    52742.385    53129.510
393  JTTDCMut+G4   25297.042    104 50802.084    50855.745    51242.870
394  JTTDCMut+I+G4 25262.422    105 50734.845    50789.673    51179.869
395  JTTDCMut+R2   25566.177    105 51342.353    51397.181    51787.377
396  JTTDCMut+R3   25319.163    107 50852.326    50909.534    51305.827
397  JTTDCMut+R4   25265.816    109 50749.632    50809.284    51211.609
398  JTTDCMut+R5   25253.614    111 50729.228    50791.388    51199.682
399  JTTDCMut+R6   25253.603    113 50733.207    50797.940    51212.137
404  JTTDCMut+F    26856.173    122 53956.347    54033.498    54473.422
405  JTTDCMut+F+I  26148.282    123 52542.563    52621.182    53063.877
406  JTTDCMut+F+G4 25244.505    123 50735.010    50813.628    51256.324
407  JTTDCMut+F+I+G4 25205.828    124 50659.656    50739.759    51185.208
408  JTTDCMut+F+R2 25505.535    124 51259.070    51339.174    51784.622
409  JTTDCMut+F+R3 25267.940    126 50787.880    50871.007    51321.909
410  JTTDCMut+F+R4 25210.084    128 50676.167    50762.392    51218.673
411  JTTDCMut+F+R5 25200.888    130 50661.776    50751.172    51212.758
412  JTTDCMut+F+R6 25200.843    132 50665.687    50758.331    51225.146
417  FLU           27725.533    103 55657.065    55709.575    56093.613
418  FLU+I         26955.782    104 54119.564    54173.225    54560.350
419  FLU+G4        25846.817    104 51901.634    51955.295    52342.420
420  FLU+I+G4      25807.421    105 51824.841    51879.669    52269.865
421  FLU+R2        26167.796    105 52545.592    52600.420    52990.616
422  FLU+R3        25868.166    107 51950.332    52007.540    52403.833
423  FLU+R4        25818.727    109 51855.455    51915.106    52317.432
424  FLU+R5        25793.005    111 51808.009    51870.169    52278.463
425  FLU+R6        25792.933    113 51811.866    51876.600    52290.797
430  FLU+F         27645.893    122 55535.786    55612.938    56052.862
431  FLU+F+I       26861.946    123 53969.892    54048.511    54491.206
432  FLU+F+G4      25741.474    123 51728.948    51807.566    52250.261
433  FLU+F+I+G4    25702.485    124 51652.970    51733.073    52178.522
434  FLU+F+R2      26062.706    124 52373.412    52453.516    52898.965
435  FLU+F+R3      25769.346    126 51790.692    51873.819    52324.721
436  FLU+F+R4      25712.298    128 51680.596    51766.821    52223.102
437  FLU+F+R5      25688.694    130 51637.388    51726.784    52188.370
438  FLU+F+R6      25688.655    132 51641.311    51733.954    52200.769
443  Blosum62      26544.759    103 53295.518    53348.028    53732.065
444  Blosum62+I    25899.853    104 52007.706    52061.367    52448.492
445  Blosum62+G4   25085.927    104 50379.854    50433.515    50820.640
446  Blosum62+I+G4 25048.816    105 50307.632    50362.459    50752.656
447  Blosum62+R2   25283.088    105 50776.177    50831.004    51221.201
448  Blosum62+R3   25086.070    107 50386.140    50443.348    50839.641
449  Blosum62+R4   25045.709    109 50309.418    50369.069    50771.395
450  Blosum62+R5   25042.175    111 50306.350    50368.510    50776.804
456  Blosum62+F    26539.715    122 53323.431    53400.583    53840.507
457  Blosum62+F+I  25874.266    123 51994.533    52073.151    52515.847
458  Blosum62+F+G4 25108.244    123 50462.488    50541.106    50983.802
459  Blosum62+F+I+G4 25067.115    124 50382.229    50462.333    50907.782
460  Blosum62+F+R2 25294.995    124 50837.990    50918.093    51363.542
461  Blosum62+F+R3 25108.305    126 50468.611    50551.738    51002.639
462  Blosum62+F+R4 25062.991    128 50381.982    50468.207    50924.488
463  Blosum62+F+R5 25059.824    130 50379.647    50469.043    50930.629
469  mtMet         28941.316    103 58088.632    58141.141    58525.179
470  mtMet+I       28335.817    104 56879.635    56933.296    57320.421
471  mtMet+G4      26516.531    104 53241.061    53294.722    53681.847
472  mtMet+I+G4    26498.621    105 53207.242    53262.070    53652.267
473  mtMet+R2      26943.416    105 54096.832    54151.660    54541.856
474  mtMet+R3      26581.992    107 53377.984    53435.192    53831.485
475  mtMet+R4      26507.906    109 53233.812    53293.464    53695.789
476  mtMet+R5      26490.779    111 53203.559    53265.719    53674.013
477  mtMet+R6      26487.837    113 53201.673    53266.407    53680.604
482  mtMet+F       27476.601    122 55197.202    55274.354    55714.278
483  mtMet+F+I     26776.199    123 53798.399    53877.017    54319.713
484  mtMet+F+G4    25531.202    123 51308.404    51387.023    51829.718
485  mtMet+F+I+G4  25495.560    124 51239.121    51319.224    51764.673
486  mtMet+F+R2    25914.695    124 52077.391    52157.494    52602.943
487  mtMet+F+R3    25574.113    126 51400.225    51483.352    51934.254
488  mtMet+F+R4    25516.731    128 51289.463    51375.687    51831.968
489  mtMet+F+R5    25498.386    130 51256.772    51346.169    51807.754
490  mtMet+F+R6    25493.942    132 51251.884    51344.528    51811.343
495  mtVer         29621.631    103 59449.262    59501.772    59885.809
496  mtVer+I       28994.181    104 58196.361    58250.022    58637.147
497  mtVer+G4      27034.032    104 54276.063    54329.724    54716.849
498  mtVer+I+G4    27017.192    105 54244.383    54299.211    54689.407
499  mtVer+R2      27477.395    105 55164.790    55219.618    55609.814
500  mtVer+R3      27120.206    107 54454.413    54511.620    54907.913
501  mtVer+R4      27026.558    109 54271.116    54330.768    54733.094
502  mtVer+R5      27005.907    111 54233.813    54295.973    54704.267
503  mtVer+R6      27000.650    113 54227.299    54292.033    54706.230
508  mtVer+F       28182.429    122 56608.858    56686.009    57125.933
509  mtVer+F+I     27410.770    123 55067.539    55146.158    55588.853
510  mtVer+F+G4    26053.423    123 52352.846    52431.465    52874.160
511  mtVer+F+I+G4  26013.538    124 52275.076    52355.180    52800.629
512  mtVer+F+R2    26481.090    124 53210.180    53290.284    53735.732
513  mtVer+F+R3    26113.245    126 52478.490    52561.617    53012.519
514  mtVer+F+R4    26042.046    128 52340.093    52426.317    52882.598
515  mtVer+F+R5    26025.939    130 52311.879    52401.275    52862.861
516  mtVer+F+R6    26021.304    132 52306.609    52399.253    52866.068
521  mtInv         28748.948    103 57703.896    57756.406    58140.443
522  mtInv+I       28134.139    104 56476.277    56529.938    56917.063
523  mtInv+G4      26486.895    104 53181.791    53235.452    53622.577
524  mtInv+I+G4    26465.972    105 53141.945    53196.772    53586.969
525  mtInv+R2      26894.184    105 53998.367    54053.195    54443.391
526  mtInv+R3      26532.634    107 53279.269    53336.477    53732.770
527  mtInv+R4      26476.754    109 53171.509    53231.161    53633.486
528  mtInv+R5      26461.043    111 53144.086    53206.246    53614.540
529  mtInv+R6      26460.292    113 53146.584    53211.318    53625.515
534  mtInv+F       27113.592    122 54471.184    54548.336    54988.260
535  mtInv+F+I     26411.784    123 53069.567    53148.186    53590.881
536  mtInv+F+G4    25313.513    123 50873.025    50951.644    51394.339
537  mtInv+F+I+G4  25277.022    124 50802.045    50882.148    51327.597
538  mtInv+F+R2    25658.721    124 51565.442    51645.545    52090.994
539  mtInv+F+R3    25345.194    126 50942.388    51025.515    51476.417
540  mtInv+F+R4    25300.031    128 50856.061    50942.286    51398.567
541  mtInv+F+R5    25279.305    130 50818.610    50908.006    51369.592
542  mtInv+F+R6    25276.091    132 50816.182    50908.826    51375.641
Akaike Information Criterion:           LG+F+I+G4
Corrected Akaike Information Criterion: LG+F+I+G4
Bayesian Information Criterion:         LG+I+G4
Best-fit model: LG+I+G4 chosen according to BIC

All model information printed to astro_tree.model.gz
CPU time for ModelFinder: 1151.253 seconds (0h:19m:11s)
Wall-clock time for ModelFinder: 96.580 seconds (0h:1m:36s)
Generating 1000 samples for ultrafast bootstrap (seed: 696687)...

NOTE: 18 MB RAM (0 GB) is required!
Estimate model parameters (epsilon = 0.100)
Thoroughly optimizing +I+G parameters from 10 start values...
Init pinv, alpha: 0.000, 1.000 / Estimate: 0.000, 0.694 / LogL: -24888.424
Init pinv, alpha: 0.017, 1.000 / Estimate: 0.128, 1.083 / LogL: -24852.646
Init pinv, alpha: 0.034, 1.000 / Estimate: 0.129, 1.084 / LogL: -24852.641
Init pinv, alpha: 0.051, 1.000 / Estimate: 0.128, 1.082 / LogL: -24852.649
Init pinv, alpha: 0.069, 1.000 / Estimate: 0.129, 1.084 / LogL: -24852.642
Init pinv, alpha: 0.086, 1.000 / Estimate: 0.128, 1.082 / LogL: -24852.649
Init pinv, alpha: 0.103, 1.000 / Estimate: 0.129, 1.084 / LogL: -24852.639
Init pinv, alpha: 0.120, 1.000 / Estimate: 0.129, 1.084 / LogL: -24852.640
Init pinv, alpha: 0.137, 1.000 / Estimate: 0.130, 1.088 / LogL: -24852.634
Init pinv, alpha: 0.154, 1.000 / Estimate: 0.130, 1.087 / LogL: -24852.635
Optimal pinv,alpha: 0.130, 1.088 / LogL: -24852.634

Parameters optimization took 1.443 sec
Computing ML distances based on estimated model parameters... 0.705 sec
WARNING: Some pairwise ML distances are too long (saturated)
Computing BIONJ tree...
0.003 seconds
Log-likelihood of BIONJ tree: -24884.404
--------------------------------------------------------------------
|             INITIALIZING CANDIDATE TREE SET                      |
--------------------------------------------------------------------
Generating 98 parsimony trees... 1.391 second
Computing log-likelihood of 98 initial trees ... 3.200 seconds
Current best score: -24852.634

Do NNI search on 20 best initial trees
Estimate model parameters (epsilon = 0.100)
BETTER TREE FOUND at iteration 1: -24823.210
Estimate model parameters (epsilon = 0.100)
BETTER TREE FOUND at iteration 9: -24813.311
Iteration 10 / LogL: -24813.325 / Time: 0h:0m:8s
Iteration 20 / LogL: -24837.154 / Time: 0h:0m:10s
Finish initializing candidate tree set (6)
Current best tree score: -24813.311 / CPU time: 8.873
Number of iterations: 20
--------------------------------------------------------------------
|               OPTIMIZING CANDIDATE TREE SET                      |
--------------------------------------------------------------------
Iteration 30 / LogL: -24817.929 / Time: 0h:0m:13s (0h:0m:37s left)
Iteration 40 / LogL: -24819.301 / Time: 0h:0m:16s (0h:0m:29s left)
Iteration 50 / LogL: -24819.846 / Time: 0h:0m:19s (0h:0m:23s left)
Log-likelihood cutoff on original alignment: -24869.909
Iteration 60 / LogL: -24823.671 / Time: 0h:0m:22s (0h:0m:18s left)
Iteration 70 / LogL: -24817.906 / Time: 0h:0m:25s (0h:0m:14s left)
Iteration 80 / LogL: -24814.848 / Time: 0h:0m:28s (0h:0m:10s left)
Iteration 90 / LogL: -24814.201 / Time: 0h:0m:31s (0h:0m:6s left)
Iteration 100 / LogL: -24818.046 / Time: 0h:0m:35s (0h:0m:3s left)
Log-likelihood cutoff on original alignment: -24869.909
NOTE: Bootstrap correlation coefficient of split occurrence frequencies: 1.000
Iteration 110 / LogL: -24818.678 / Time: 0h:0m:38s (0h:0m:31s left)
TREE SEARCH COMPLETED AFTER 110 ITERATIONS / Time: 0h:0m:38s

--------------------------------------------------------------------
|                    FINALIZING TREE SEARCH                        |
--------------------------------------------------------------------
Performs final model parameters optimization
Estimate model parameters (epsilon = 0.010)
1. Initial log-likelihood: -24813.311
Optimal log-likelihood: -24813.310
Proportion of invariable sites: 0.129
Gamma shape alpha: 1.076
Parameters optimization took 1 rounds (0.028 sec)
BEST SCORE FOUND : -24813.310
Creating bootstrap support values...
Split supports printed to NEXUS file astro_tree.splits.nex
Total tree length: 17.864

Total number of iterations: 110
CPU time used for tree search: 420.276 sec (0h:7m:0s)
Wall-clock time used for tree search: 36.747 sec (0h:0m:36s)
Total CPU time used: 440.026 sec (0h:7m:20s)
Total wall-clock time used: 38.479 sec (0h:0m:38s)

Computing bootstrap consensus tree...
Reading input file astro_tree.splits.nex...
53 taxa and 215 splits.
Consensus tree written to astro_tree.contree
Reading input trees file astro_tree.contree
Log-likelihood of consensus tree: -24813.311

Analysis results written to: 
  IQ-TREE report:                astro_tree.iqtree
  Maximum-likelihood tree:       astro_tree.treefile
  Likelihood distances:          astro_tree.mldist

Ultrafast bootstrap approximation results written to:
  Split support values:          astro_tree.splits.nex
  Consensus tree:                astro_tree.contree
  Screen log file:               astro_tree.log

Date and Time: Thu Dec  5 18:37:27 2019
